<?xml version="1.0" encoding="UTF-8"?>
<testsuite xmlns:xsi="http://www.w3.org/2001/XMLSchema-instance" xsi:noNamespaceSchemaLocation="https://maven.apache.org/surefire/maven-surefire-plugin/xsd/surefire-test-report-3.0.xsd" version="3.0" name="com.waleed.oopsproject.OopsProjectApplicationTests" time="2.448" tests="1" errors="0" skipped="0" failures="0">
  <properties>
[...]
</properties>
  <testcase name="contextLoads" classname="com.waleed.oopsproject.OopsProjectApplicationTests" time="0.361">
    <system-out><![CDATA[16:42:09.429 [main] INFO org.springframework.test.context.support.AnnotationConfigContextLoaderUtils -- Could not detect default configuration classes for test class [com.waleed.oopsproject.OopsProjectApplicationTests]: OopsProjectApplicationTests does not declare any static, non-private, non-final, nested classes annotated with @Configuration.
16:42:09.473 [main] INFO org.springframework.boot.test.context.SpringBootTestContextBootstrapper -- Found @SpringBootConfiguration com.waleed.oopsproject.OopsProjectApplication for test class com.waleed.oopsproject.OopsProjectApplicationTests

  .   ____          _            __ _ _
 /\\ / ___'_ __ _ _(_)_ __  __ _ \ \ \ \
( ( )\___ | '_ | '_| | '_ \/ _` | \ \ \ \
 \\/  ___)| |_)| | | | | || (_| |  ) ) ) )
  '  |____| .__|_| |_|_| |_\__, | / / / /
 =========|_|==============|___/=/_/_/_/
 :: Spring Boot ::                (v3.1.5)

2023-11-30T16:42:09.616+05:30  INFO 66298 --- [           main] c.w.o.OopsProjectApplicationTests        : Starting OopsProjectApplicationTests using Java 19.0.2 with PID 66298 (started by manas in /Users/manas/Desktop/oops-project)
2023-11-30T16:42:09.616+05:30  INFO 66298 --- [           main] c.w.o.OopsProjectApplicationTests        : No active profile set, falling back to 1 default profile: "default"
2023-11-30T16:42:09.775+05:30  INFO 66298 --- [           main] .s.d.r.c.RepositoryConfigurationDelegate : Bootstrapping Spring Data JPA repositories in DEFAULT mode.
2023-11-30T16:42:09.794+05:30  INFO 66298 --- [           main] .s.d.r.c.RepositoryConfigurationDelegate : Finished Spring Data repository scanning in 14 ms. Found 4 JPA repository interfaces.
2023-11-30T16:42:10.018+05:30  INFO 66298 --- [           main] o.hibernate.jpa.internal.util.LogHelper  : HHH000204: Processing PersistenceUnitInfo [name: default]
2023-11-30T16:42:10.043+05:30  INFO 66298 --- [           main] org.hibernate.Version                    : HHH000412: Hibernate ORM core version 6.2.13.Final
2023-11-30T16:42:10.051+05:30  INFO 66298 --- [           main] org.hibernate.cfg.Environment            : HHH000406: Using bytecode reflection optimizer
2023-11-30T16:42:10.181+05:30  INFO 66298 --- [           main] o.s.o.j.p.SpringPersistenceUnitInfo      : No LoadTimeWeaver setup: ignoring JPA class transformer
2023-11-30T16:42:10.193+05:30  INFO 66298 --- [           main] com.zaxxer.hikari.HikariDataSource       : HikariPool-1 - Starting...
2023-11-30T16:42:10.403+05:30  INFO 66298 --- [           main] com.zaxxer.hikari.pool.HikariPool        : HikariPool-1 - Added connection com.mysql.cj.jdbc.ConnectionImpl@2b2a4332
2023-11-30T16:42:10.404+05:30  INFO 66298 --- [           main] com.zaxxer.hikari.HikariDataSource       : HikariPool-1 - Start completed.
2023-11-30T16:42:10.809+05:30  INFO 66298 --- [           main] o.h.e.t.j.p.i.JtaPlatformInitiator       : HHH000489: No JTA platform available (set 'hibernate.transaction.jta.platform' to enable JTA platform integration)
2023-11-30T16:42:11.052+05:30  INFO 66298 --- [           main] j.LocalContainerEntityManagerFactoryBean : Initialized JPA EntityManagerFactory for persistence unit 'default'
2023-11-30T16:42:11.303+05:30  WARN 66298 --- [           main] JpaBaseConfiguration$JpaWebConfiguration : spring.jpa.open-in-view is enabled by default. Therefore, database queries may be performed during view rendering. Explicitly configure spring.jpa.open-in-view to disable this warning
2023-11-30T16:42:11.433+05:30  INFO 66298 --- [           main] c.w.o.OopsProjectApplicationTests        : Started OopsProjectApplicationTests in 1.905 seconds (process running for 2.322)
]]></system-out>
  </testcase>
</testsuite>